<?xml version="1.0" encoding="UTF-8"?>
<!-- Generated by org.testng.reporters.JUnitReportReporter -->
<testsuite hostname="Arpit-PC" name="testScripts.ParallelSuiteTest" tests="2" failures="0" timestamp="4 Dec 2018 18:56:51 GMT" time="0.044" errors="0">
  <testcase name="testMethodOne" time="0.020" classname="testScripts.ParallelSuiteTest"/>
  <testcase name="testMethodOne" time="0.024" classname="testScripts.ParallelSuiteTest"/>
</testsuite>
