<?xml version="1.0" encoding="UTF-8"?>
<!-- Generated by org.testng.reporters.JUnitReportReporter -->
<testsuite hostname="Arpit-PC" name="testScripts.RegularExpressionGroupTest" tests="2" failures="0" timestamp="4 Dec 2018 18:58:25 GMT" time="0.014" errors="0">
  <testcase name="testMethodOne" time="0.013" classname="testScripts.RegularExpressionGroupTest"/>
  <testcase name="testMethodTwo" time="0.001" classname="testScripts.RegularExpressionGroupTest"/>
</testsuite>
